<?xml version="1.0" encoding="UTF-8"?>
<!-- Generated by org.testng.reporters.JUnitReportReporter -->
<testsuite hostname="King" failures="0" tests="1" name="Automate_Flipkart.App" time="33.754" errors="0" timestamp="2024-01-14T18:25:35 IST" skipped="0">
  <testcase classname="Automate_Flipkart.App" name="testFlipkart" time="33.754"/>
  <system-out/>
</testsuite> <!-- Automate_Flipkart.App -->
